<?xml version="1.0" encoding="UTF-8"?>
<testng-results ignored="0" total="1" passed="1" failed="0" skipped="0">
  <reporter-output>
  </reporter-output>
  <suite started-at="2023-12-14T19:01:52 IST" name="Default suite" finished-at="2023-12-14T19:02:09 IST" duration-ms="17715">
    <groups>
    </groups>
    <test started-at="2023-12-14T19:01:52 IST" name="Default test" finished-at="2023-12-14T19:02:09 IST" duration-ms="17715">
      <class name="Assignment.TaskBonus1">
        <test-method is-config="true" signature="openAmberStudentWebPage()[pri:0, instance:Assignment.TaskBonus1@32ee6fee]" started-at="2023-12-14T19:01:52 IST" name="openAmberStudentWebPage" finished-at="2023-12-14T19:01:56 IST" duration-ms="4820" status="PASS">
          <reporter-output>
          </reporter-output>
        </test-method> <!-- openAmberStudentWebPage -->
        <test-method signature="SearchForAccomodation()[pri:0, instance:Assignment.TaskBonus1@32ee6fee]" started-at="2023-12-14T19:01:56 IST" name="SearchForAccomodation" finished-at="2023-12-14T19:02:09 IST" duration-ms="12714" status="PASS">
          <reporter-output>
          </reporter-output>
        </test-method> <!-- SearchForAccomodation -->
        <test-method is-config="true" signature="closeWebPage()[pri:0, instance:Assignment.TaskBonus1@32ee6fee]" started-at="2023-12-14T19:02:09 IST" name="closeWebPage" finished-at="2023-12-14T19:02:09 IST" duration-ms="158" status="PASS">
          <reporter-output>
          </reporter-output>
        </test-method> <!-- closeWebPage -->
      </class> <!-- Assignment.TaskBonus1 -->
    </test> <!-- Default test -->
  </suite> <!-- Default suite -->
</testng-results>
